[2025-02-20 14:49:15] WARNING Not Found: /st2323432432atic/js/external/jquery.min.map
[2025-02-20 14:49:15] WARNING "GET /static/js/external/jquery.min.map HTTP/1.1" 404 0
[2025-12-20 14:49:15] WARNING Not Found: /static/js/external/jquery.min.map
[2025-01-16 12:57:33] WARNING "GET /static/js/external/jquery.min.map HTTP/1.1" 404 0
[2025-01-16 14:18:43] WARNING Not Found: /static/js/external/jquery.min.map
[2025-01-16 14:18:43] WARNING "GET /static/js/external/jquery.min.map HTTP/1.1" 404 0
[2025-01-16 14:55:47] WARNING Not Found: /static/js/external/jquery.min.map
[2025-01-16 14:55:47] WARNING "GET /static/js/external/jquery.min.map HTTP/1.1" 404 0
[2025-01-16 15:35:49] WARNING Not Found: /static/img/navbar/sprite-side-menu-v5.webp
[2025-01-16 15:35:49] WARNING "GET /static/img/navbar/sprite-side-menu-v5.webp HTTP/1.1" 404 0
[2025-01-16 15:35:50] WARNING Not Found: /static/js/external/jquery.min.map
[2025-01-16 15:35:50] WARNING "GET /static/js/external/jquery.min.map HTTP/1.1" 404 0
[2025-01-16 15:35:59] WARNING Not Found: /static/img/navbar/sprite-side-menu-v5.webp
[2025-01-16 15:35:59] WARNING "GET /static/img/navbar/sprite-side-menu-v5.webp HTTP/1.1" 404 0
[2025-01-16 15:35:59] WARNING Not Found: /static/js/external/jquery.min.map
[2025-01-16 15:35:59] WARNING "GET /static/js/external/jquery.min.map HTTP/1.1" 404 0
[2025-01-16 15:48:29] WARNING Not Found: /static/css/theme-mode.css
[2025-01-16 15:48:29] WARNING "GET /static/css/theme-mode.css HTTP/1.1" 404 0
[2025-01-16 15:51:02] WARNING Not Found: /static/css/theme-mode.css
[2025-01-16 15:51:02] WARNING "GET /static/css/theme-mode.css HTTP/1.1" 404 0
[2025-01-16 15:51:59] WARNING Not Found: /static/css/theme-mode.css
[2025-01-16 15:51:59] WARNING "GET /static/css/theme-mode.css HTTP/1.1" 404 0
[2025-01-16 15:54:59] WARNING Not Found: /static/css/theme-mode.css
[2025-01-16 15:54:59] WARNING "GET /static/css/theme-mode.css HTTP/1.1" 404 0
[2025-01-16 16:01:48] WARNING Not Found: /static/css/theme-mode.css
[2025-01-16 16:01:48] WARNING "GET /static/css/theme-mode.css HTTP/1.1" 404 0
[2025-01-16 16:10:51] WARNING Not Found: /static/css/theme-mode.css
[2025-01-16 16:10:51] WARNING "GET /static/css/theme-mode.css HTTP/1.1" 404 0
[2025-01-16 16:12:21] WARNING Not Found: /static/css/theme-mode.css
[2025-01-16 16:12:21] WARNING "GET /static/css/theme-mode.css HTTP/1.1" 404 0
[2025-01-16 16:42:01] WARNING Not Found: /static/css/theme-mode.css
[2025-01-16 16:42:01] WARNING "GET /static/css/theme-mode.css HTTP/1.1" 404 0
[2025-01-16 16:42:05] WARNING Not Found: /static/css/theme-mode.css
[2025-01-16 16:42:05] WARNING "GET /static/css/theme-mode.css HTTP/1.1" 404 0
[2025-01-17 10:36:21] WARNING Not Found: /static/css/theme-mode.css
[2025-01-17 10:36:21] WARNING "GET /static/css/theme-mode.css HTTP/1.1" 404 0
[2025-01-17 10:36:21] WARNING Not Found: /static/bundles/local/trendlynesdk-bundles/consolidated_report.bundle.js
[2025-01-17 10:36:21] WARNING "GET /static/bundles/local/trendlynesdk-bundles/consolidated_report.bundle.js HTTP/1.1" 404 0
[2025-01-17 10:37:12] WARNING Not Found: /static/css/theme-mode.css
[2025-01-17 10:37:12] WARNING "GET /static/css/theme-mode.css HTTP/1.1" 404 0
[2025-01-17 10:37:12] WARNING Not Found: /static/bundles/local/trendlynesdk-bundles/consolidated_report.bundle.js
[2025-01-17 10:37:12] WARNING "GET /static/bundles/local/trendlynesdk-bundles/consolidated_report.bundle.js HTTP/1.1" 404 0
[2025-01-17 10:37:20] WARNING Not Found: /static/css/theme-mode.css
[2025-01-17 10:37:20] WARNING "GET /static/css/theme-mode.css HTTP/1.1" 404 0
[2025-01-17 10:38:42] ERROR You're accessing the development server over HTTPS, but it only supports HTTP.

[2025-01-17 10:38:42] ERROR You're accessing the development server over HTTPS, but it only supports HTTP.

[2025-01-17 10:38:42] ERROR You're accessing the development server over HTTPS, but it only supports HTTP.

[2025-01-17 10:38:42] ERROR You're accessing the development server over HTTPS, but it only supports HTTP.

[2025-01-17 10:38:42] ERROR You're accessing the development server over HTTPS, but it only supports HTTP.

[2025-01-17 10:38:42] ERROR You're accessing the development server over HTTPS, but it only supports HTTP.

[2025-01-17 10:38:48] ERROR You're accessing the development server over HTTPS, but it only supports HTTP.

[2025-01-17 10:38:48] ERROR You're accessing the development server over HTTPS, but it only supports HTTP.

[2025-01-17 10:38:48] ERROR You're accessing the development server over HTTPS, but it only supports HTTP.

[2025-01-17 10:38:48] ERROR You're accessing the development server over HTTPS, but it only supports HTTP.

[2025-01-17 10:40:23] WARNING Not Found: /static/css/theme-mode.css
[2025-01-17 10:40:23] WARNING "GET /static/css/theme-mode.css HTTP/1.1" 404 0
[2025-01-17 10:40:23] WARNING Not Found: /static/bundles/local/trendlynesdk-bundles/consolidated_report.bundle.js
[2025-01-17 10:40:23] WARNING "GET /static/bundles/local/trendlynesdk-bundles/consolidated_report.bundle.js HTTP/1.1" 404 0
[2025-01-17 10:43:37] WARNING Not Found: /static/css/theme-mode.css
[2025-01-17 10:43:37] WARNING "GET /static/css/theme-mode.css HTTP/1.1" 404 0
[2025-01-17 10:43:49] WARNING Not Found: /static/css/theme-mode.css
[2025-01-17 10:43:49] WARNING "GET /static/css/theme-mode.css HTTP/1.1" 404 0
[2025-01-17 10:43:49] WARNING Not Found: /static/bundles/local/trendlynesdk-bundles/consolidated_report.bundle.js
[2025-01-17 10:43:49] WARNING "GET /static/bundles/local/trendlynesdk-bundles/consolidated_report.bundle.js HTTP/1.1" 404 0
[2025-01-17 10:45:41] WARNING Not Found: /static/css/theme-mode.css
[2025-01-17 10:45:41] WARNING Not Found: /static/bundles/local/trendlynesdk-bundles/consolidated_report.bundle.js
[2025-01-17 10:45:41] WARNING "GET /static/css/theme-mode.css HTTP/1.1" 404 0
[2025-01-17 10:45:41] WARNING "GET /static/bundles/local/trendlynesdk-bundles/consolidated_report.bundle.js HTTP/1.1" 404 0
[2025-01-17 10:50:29] WARNING Not Found: /static/css/theme-mode.css
[2025-01-17 10:50:29] WARNING Not Found: /static/bundles/local/trendlynesdk-bundles/consolidated_report.bundle.js
[2025-01-17 10:50:29] WARNING "GET /static/css/theme-mode.css HTTP/1.1" 404 0
[2025-01-17 10:50:29] WARNING "GET /static/bundles/local/trendlynesdk-bundles/consolidated_report.bundle.js HTTP/1.1" 404 0
[2025-01-17 10:52:05] WARNING Not Found: /static/css/DistributionGraph_v2.css
[2025-01-17 10:52:05] WARNING "GET /static/css/DistributionGraph_v2.css HTTP/1.1" 404 0
[2025-01-17 10:52:05] WARNING Not Found: /static/css/swot.css
[2025-01-17 10:52:05] WARNING Not Found: /static/css/highcharts_treemap.css
[2025-01-17 10:52:05] WARNING "GET /static/css/swot.css HTTP/1.1" 404 0
[2025-01-17 10:52:05] WARNING "GET /static/css/highcharts_treemap.css HTTP/1.1" 404 0
[2025-01-17 10:52:05] WARNING Not Found: /static/js/Screeners/tl-highcharts.js
[2025-01-17 10:52:05] WARNING "GET /static/js/Screeners/tl-highcharts.js HTTP/1.1" 404 0
[2025-01-17 10:52:05] WARNING Not Found: /static/css/markets-today.css
[2025-01-17 10:52:05] WARNING "GET /static/css/markets-today.css HTTP/1.1" 404 0
[2025-01-17 10:52:05] WARNING Not Found: /static/css/landing_v4/landing_v4.css
[2025-01-17 10:52:05] WARNING "GET /static/css/landing_v4/landing_v4.css HTTP/1.1" 404 0
[2025-01-17 10:52:05] WARNING Not Found: /static/js/highchartsTreemap.js
[2025-01-17 10:52:05] WARNING "GET /static/js/highchartsTreemap.js HTTP/1.1" 404 0
[2025-01-17 10:52:05] WARNING Not Found: /static/js/jQuerySelect2Utils.js
[2025-01-17 10:52:05] WARNING "GET /static/js/jQuerySelect2Utils.js HTTP/1.1" 404 0
[2025-01-17 10:52:24] WARNING Not Found: /static/css/theme-mode.css
[2025-01-17 10:52:24] WARNING Not Found: /static/bundles/local/trendlynesdk-bundles/consolidated_report.bundle.js
[2025-01-17 10:52:24] WARNING "GET /static/css/theme-mode.css HTTP/1.1" 404 0
[2025-01-17 10:52:24] WARNING "GET /static/bundles/local/trendlynesdk-bundles/consolidated_report.bundle.js HTTP/1.1" 404 0
[2025-01-17 10:53:26] WARNING Not Found: /static/bundles/local/trendlynesdk-bundles/consolidated_report.bundle.js
[2025-01-17 10:53:26] WARNING Not Found: /static/css/theme-mode.css
[2025-01-17 10:53:26] WARNING "GET /static/css/theme-mode.css HTTP/1.1" 404 0
[2025-01-17 10:53:26] WARNING "GET /static/bundles/local/trendlynesdk-bundles/consolidated_report.bundle.js HTTP/1.1" 404 0
[2025-01-17 10:54:33] WARNING Not Found: /static/bundles/local/trendlynesdk-bundles/consolidated_report.bundle.js
[2025-01-17 10:54:33] WARNING Not Found: /static/css/theme-mode.css
[2025-01-17 10:54:33] WARNING "GET /static/bundles/local/trendlynesdk-bundles/consolidated_report.bundle.js HTTP/1.1" 404 0
[2025-01-17 10:54:33] WARNING "GET /static/css/theme-mode.css HTTP/1.1" 404 0
[2025-01-17 11:00:18] WARNING Not Found: /static/css/theme-mode.css
[2025-01-17 11:00:18] WARNING "GET /static/css/theme-mode.css HTTP/1.1" 404 0
[2025-01-17 11:00:18] WARNING Not Found: /static/bundles/local/trendlynesdk-bundles/consolidated_report.bundle.js
[2025-01-17 11:00:18] WARNING "GET /static/bundles/local/trendlynesdk-bundles/consolidated_report.bundle.js HTTP/1.1" 404 0
[2025-01-17 11:08:46] WARNING Not Found: /static/css/theme-mode.css
[2025-01-17 11:08:46] WARNING "GET /static/css/theme-mode.css HTTP/1.1" 404 0
[2025-01-17 11:08:46] WARNING Not Found: /static/bundles/local/trendlynesdk-bundles/consolidated_report.bundle.js
[2025-01-17 11:08:46] WARNING "GET /static/bundles/local/trendlynesdk-bundles/consolidated_report.bundle.js HTTP/1.1" 404 0
[2025-01-17 11:19:13] WARNING Not Found: /static/img/discount/2024/new-year-present-lg.webp
[2025-01-17 11:19:13] WARNING "GET /static/img/discount/2024/new-year-present-lg.webp HTTP/1.1" 404 0
[2025-01-17 11:19:13] WARNING Not Found: /static/img/discount/2024/new-year-present-xs.webp
[2025-01-17 11:19:13] WARNING "GET /static/img/discount/2024/new-year-present-xs.webp HTTP/1.1" 404 0
[2025-01-17 11:25:29] WARNING Not Found: /static/img/discount/2024/new-year-present-lg.webp
[2025-01-17 11:25:29] WARNING "GET /static/img/discount/2024/new-year-present-lg.webp HTTP/1.1" 404 0
[2025-01-17 11:25:29] WARNING Not Found: /static/img/discount/2024/new-year-present-xs.webp
[2025-01-17 11:25:29] WARNING Not Found: /static/bundles/local/trendlynesdk-bundles/consolidated_report.bundle.js
[2025-01-17 11:25:29] WARNING "GET /static/img/discount/2024/new-year-present-xs.webp HTTP/1.1" 404 0
[2025-01-17 11:25:29] WARNING "GET /static/bundles/local/trendlynesdk-bundles/consolidated_report.bundle.js HTTP/1.1" 404 0
[2025-01-17 11:25:42] WARNING Not Found: /static/img/discount/2024/new-year-present-xs.webp
[2025-01-17 11:25:42] WARNING Not Found: /static/img/discount/2024/new-year-present-lg.webp
[2025-01-17 11:25:42] WARNING "GET /static/img/discount/2024/new-year-present-xs.webp HTTP/1.1" 404 0
[2025-01-17 11:25:42] WARNING "GET /static/img/discount/2024/new-year-present-lg.webp HTTP/1.1" 404 0
[2025-01-17 11:25:42] WARNING Not Found: /static/bundles/local/trendlynesdk-bundles/consolidated_report.bundle.js
[2025-01-17 11:25:42] WARNING "GET /static/bundles/local/trendlynesdk-bundles/consolidated_report.bundle.js HTTP/1.1" 404 0
[2025-01-17 11:25:51] WARNING Not Found: /static/img/discount/2024/new-year-present-xs.webp
[2025-01-17 11:25:51] WARNING "GET /static/img/discount/2024/new-year-present-xs.webp HTTP/1.1" 404 0
[2025-01-17 11:25:51] WARNING Not Found: /static/bundles/local/trendlynesdk-bundles/consolidated_report.bundle.js
[2025-01-17 11:25:51] WARNING "GET /static/bundles/local/trendlynesdk-bundles/consolidated_report.bundle.js HTTP/1.1" 404 0
[2025-01-17 11:25:51] WARNING Not Found: /static/img/discount/2024/new-year-present-lg.webp
[2025-01-17 11:25:51] WARNING "GET /static/img/discount/2024/new-year-present-lg.webp HTTP/1.1" 404 0
[2025-01-17 11:25:57] WARNING Not Found: /static/js/external/jquery.min.map
[2025-01-17 11:25:57] WARNING "GET /static/js/external/jquery.min.map HTTP/1.1" 404 0
[2025-01-17 11:26:03] WARNING Not Found: /static/img/discount/2024/new-year-present-lg.webp
[2025-01-17 11:26:03] WARNING Not Found: /static/img/discount/2024/new-year-present-xs.webp
[2025-01-17 11:26:03] WARNING "GET /static/img/discount/2024/new-year-present-lg.webp HTTP/1.1" 404 0
[2025-01-17 11:26:03] WARNING "GET /static/img/discount/2024/new-year-present-xs.webp HTTP/1.1" 404 0
[2025-01-17 11:26:03] WARNING Not Found: /static/bundles/local/trendlynesdk-bundles/consolidated_report.bundle.js
[2025-01-17 11:26:03] WARNING "GET /static/bundles/local/trendlynesdk-bundles/consolidated_report.bundle.js HTTP/1.1" 404 0
[2025-01-17 11:26:03] WARNING Not Found: /static/js/external/jquery.min.map
[2025-01-17 11:26:03] WARNING "GET /static/js/external/jquery.min.map HTTP/1.1" 404 0
[2025-01-17 11:26:39] WARNING Not Found: /static/bundles/local/trendlynesdk-bundles/consolidated_report.bundle.js
[2025-01-17 11:26:39] WARNING Not Found: /static/img/discount/2024/new-year-present-xs.webp
[2025-01-17 11:26:39] WARNING "GET /static/bundles/local/trendlynesdk-bundles/consolidated_report.bundle.js HTTP/1.1" 404 0
[2025-01-17 11:26:39] WARNING "GET /static/img/discount/2024/new-year-present-xs.webp HTTP/1.1" 404 0
[2025-01-17 11:26:39] WARNING Not Found: /static/img/discount/2024/new-year-present-lg.webp
[2025-01-17 11:26:39] WARNING "GET /static/img/discount/2024/new-year-present-lg.webp HTTP/1.1" 404 0
[2025-01-17 11:26:39] WARNING Not Found: /static/js/external/jquery.min.map
[2025-01-17 11:26:39] WARNING "GET /static/js/external/jquery.min.map HTTP/1.1" 404 0
[2025-01-17 11:27:52] WARNING Not Found: /static/css/swot.css
[2025-01-17 11:27:52] WARNING "GET /static/css/swot.css HTTP/1.1" 404 0
[2025-01-17 11:27:52] WARNING Not Found: /static/css/Alerts/stock_alert_modal_v2.css
[2025-01-17 11:27:52] WARNING "GET /static/css/Alerts/stock_alert_modal_v2.css HTTP/1.1" 404 0
[2025-01-17 11:27:52] WARNING Not Found: /static/css/reports.css
[2025-01-17 11:27:52] WARNING "GET /static/css/reports.css HTTP/1.1" 404 0
[2025-01-17 11:27:52] WARNING Not Found: /static/css/Stock/stocktemplates/fullstockinfo.css
[2025-01-17 11:27:52] WARNING "GET /static/css/Stock/stocktemplates/fullstockinfo.css HTTP/1.1" 404 0
[2025-01-17 11:27:52] WARNING Not Found: /static/css/Stock/company_overview.css
[2025-01-17 11:27:52] WARNING Not Found: /static/css/sprite/sprite-fundamental.css
[2025-01-17 11:27:52] WARNING "GET /static/css/Stock/company_overview.css HTTP/1.1" 404 0
[2025-01-17 11:27:52] WARNING "GET /static/css/sprite/sprite-fundamental.css HTTP/1.1" 404 0
[2025-01-17 11:27:52] WARNING Not Found: /static/js/full_stock_info.js
[2025-01-17 11:27:52] WARNING "GET /static/js/full_stock_info.js HTTP/1.1" 404 0
[2025-01-17 11:27:52] WARNING Not Found: /static/js/tl_google_charts.js
[2025-01-17 11:27:52] WARNING "GET /static/js/tl_google_charts.js HTTP/1.1" 404 0
[2025-01-17 11:27:52] WARNING Not Found: /static/js/Brokerreports/Brokerreport.js
[2025-01-17 11:27:52] WARNING "GET /static/js/Brokerreports/Brokerreport.js HTTP/1.1" 404 0
[2025-01-17 11:27:52] WARNING Not Found: /static/js/add_watchlist_common.js
[2025-01-17 11:27:52] WARNING "GET /static/js/add_watchlist_common.js HTTP/1.1" 404 0
[2025-01-17 11:27:52] WARNING Not Found: /static/bundles/local/vendors-862fc9cf78488c7c3d68.js
[2025-01-17 11:27:52] WARNING "GET /static/bundles/local/vendors-862fc9cf78488c7c3d68.js HTTP/1.1" 404 0
[2025-01-17 11:27:52] WARNING Not Found: /static/js/Alerts/corp_announcement_alert.js
[2025-01-17 11:27:52] WARNING "GET /static/js/Alerts/corp_announcement_alert.js HTTP/1.1" 404 0
[2025-01-17 11:27:52] WARNING Not Found: /static/img/page-title-v2/reports-banner-v2.png
[2025-01-17 11:27:52] WARNING "GET /static/img/page-title-v2/reports-banner-v2.png HTTP/1.1" 404 0
[2025-01-17 11:27:52] WARNING Not Found: /static/img/common/corp-alert-banner-logo.png
[2025-01-17 11:27:52] WARNING "GET /static/img/common/corp-alert-banner-logo.png HTTP/1.1" 404 0
[2025-01-17 11:27:52] WARNING Not Found: /static/bundles/local/StockTopIndicators-862fc9cf78488c7c3d68.js
[2025-01-17 11:27:52] WARNING "GET /static/bundles/local/StockTopIndicators-862fc9cf78488c7c3d68.js HTTP/1.1" 404 0
[2025-01-17 11:27:52] WARNING Not Found: /static/img/fundamental/sprite-fundamental-document-v2.webp
[2025-01-17 11:27:52] WARNING "GET /static/img/fundamental/sprite-fundamental-document-v2.webp HTTP/1.1" 404 0
[2025-01-17 11:28:00] WARNING Not Found: /static/css/screener.css
[2025-01-17 11:28:00] WARNING "GET /static/css/screener.css HTTP/1.1" 404 0
[2025-01-17 11:28:47] WARNING Not Found: /static/bundles/local/trendlynesdk-bundles/consolidated_report.bundle.js
[2025-01-17 11:28:47] WARNING "GET /static/bundles/local/trendlynesdk-bundles/consolidated_report.bundle.js HTTP/1.1" 404 0
[2025-01-17 11:29:11] WARNING Not Found: /static/bundles/local/trendlynesdk-bundles/landing_page.bundle.js
[2025-01-17 11:29:11] WARNING "GET /static/bundles/local/trendlynesdk-bundles/landing_page.bundle.js HTTP/1.1" 404 0
[2025-01-17 11:29:25] WARNING Not Found: /static/img/page-title-v2/ceo-dashboard.png
[2025-01-17 11:29:25] WARNING "GET /static/img/page-title-v2/ceo-dashboard.png HTTP/1.1" 404 0
[2025-01-17 11:31:34] WARNING Not Found: /static/facebook/js/fbconnect.js
[2025-01-17 11:31:34] WARNING "GET /static/facebook/js/fbconnect.js?_=1737093550193 HTTP/1.1" 404 0
[2025-01-17 11:31:36] WARNING Not Found: /static/facebook/js/fbconnect.js
[2025-01-17 11:31:36] WARNING "GET /static/facebook/js/fbconnect.js?_=1737093550194 HTTP/1.1" 404 0
[2025-01-17 11:31:40] WARNING Not Found: /static/facebook/js/fbconnect.js
[2025-01-17 11:31:40] WARNING "GET /static/facebook/js/fbconnect.js?_=1737093550195 HTTP/1.1" 404 0
[2025-01-17 11:31:41] WARNING Not Found: /static/facebook/js/fbconnect.js
[2025-01-17 11:31:41] WARNING "GET /static/facebook/js/fbconnect.js?_=1737093550196 HTTP/1.1" 404 0
[2025-01-17 11:31:42] WARNING Not Found: /static/facebook/js/fbconnect.js
[2025-01-17 11:31:42] WARNING "GET /static/facebook/js/fbconnect.js?_=1737093550197 HTTP/1.1" 404 0
[2025-01-17 11:31:42] WARNING Not Found: /static/facebook/js/fbconnect.js
[2025-01-17 11:31:42] WARNING "GET /static/facebook/js/fbconnect.js?_=1737093550198 HTTP/1.1" 404 0
[2025-01-17 11:31:42] WARNING Not Found: /static/facebook/js/fbconnect.js
[2025-01-17 11:31:42] WARNING "GET /static/facebook/js/fbconnect.js?_=1737093550199 HTTP/1.1" 404 0
[2025-01-17 11:31:43] WARNING Not Found: /static/facebook/js/fbconnect.js
[2025-01-17 11:31:43] WARNING "GET /static/facebook/js/fbconnect.js?_=1737093550200 HTTP/1.1" 404 0
[2025-01-17 11:31:45] WARNING Not Found: /static/bundles/local/trendlynesdk-bundles/landing_page.bundle.js
[2025-01-17 11:31:45] WARNING "GET /static/bundles/local/trendlynesdk-bundles/landing_page.bundle.js HTTP/1.1" 404 0
[2025-01-17 11:32:36] WARNING Not Found: /static/bundles/local/trendlynesdk-bundles/consolidated_report.bundle.js
[2025-01-17 11:32:36] WARNING "GET /static/bundles/local/trendlynesdk-bundles/consolidated_report.bundle.js HTTP/1.1" 404 0
[2025-01-17 11:32:40] WARNING Not Found: /static/facebook/js/fbconnect.js
[2025-01-17 11:32:40] WARNING "GET /static/facebook/js/fbconnect.js?_=1737093755979 HTTP/1.1" 404 0
[2025-01-17 11:32:41] WARNING Not Found: /static/facebook/js/fbconnect.js
[2025-01-17 11:32:41] WARNING "GET /static/facebook/js/fbconnect.js?_=1737093755980 HTTP/1.1" 404 0
[2025-01-17 11:32:53] WARNING Not Found: /static/bundles/local/LoginWithOtp-862fc9cf78488c7c3d68.js
[2025-01-17 11:32:53] WARNING "GET /static/bundles/local/LoginWithOtp-862fc9cf78488c7c3d68.js HTTP/1.1" 404 0
[2025-01-17 11:32:53] WARNING Not Found: /static/bundles/local/vendors-862fc9cf78488c7c3d68.js
[2025-01-17 11:32:53] WARNING "GET /static/bundles/local/vendors-862fc9cf78488c7c3d68.js HTTP/1.1" 404 0
[2025-01-17 11:33:13] WARNING Not Found: /static/facebook/js/fbconnect.js
[2025-01-17 11:33:13] WARNING "GET /static/facebook/js/fbconnect.js?_=1737093773234 HTTP/1.1" 404 0
[2025-01-17 11:33:14] WARNING Not Found: /static/facebook/js/fbconnect.js
[2025-01-17 11:33:14] WARNING "GET /static/facebook/js/fbconnect.js?_=1737093773235 HTTP/1.1" 404 0
[2025-01-17 11:37:57] WARNING Not Found: /static/facebook/js/fbconnect.js
[2025-01-17 11:37:57] WARNING "GET /static/facebook/js/fbconnect.js HTTP/1.1" 404 0
[2025-01-17 11:37:58] WARNING Not Found: /static/facebook/js/fbconnect.js
[2025-01-17 11:37:58] WARNING "GET /static/facebook/js/fbconnect.js HTTP/1.1" 404 0
[2025-01-17 11:38:09] WARNING Not Found: /static/bundles/local/vendors-862fc9cf78488c7c3d68.js
[2025-01-17 11:38:09] WARNING "GET /static/bundles/local/vendors-862fc9cf78488c7c3d68.js HTTP/1.1" 404 0
[2025-01-17 11:38:09] WARNING Not Found: /static/bundles/local/LoginWithOtp-862fc9cf78488c7c3d68.js
[2025-01-17 11:38:09] WARNING "GET /static/bundles/local/LoginWithOtp-862fc9cf78488c7c3d68.js HTTP/1.1" 404 0
[2025-01-17 11:38:15] WARNING Not Found: /static/js/external/jquery.min.map
[2025-01-17 11:38:15] WARNING "GET /static/js/external/jquery.min.map HTTP/1.1" 404 0
[2025-01-17 11:39:29] WARNING Not Found: /static/bundles/local/trendlynesdk-bundles/landing_page.bundle.js
[2025-01-17 11:39:29] WARNING "GET /static/bundles/local/trendlynesdk-bundles/landing_page.bundle.js HTTP/1.1" 404 0
[2025-01-17 11:39:36] WARNING Not Found: /static/facebook/js/fbconnect.js
[2025-01-17 11:39:36] WARNING "GET /static/facebook/js/fbconnect.js?_=1737094167880 HTTP/1.1" 404 0
[2025-01-17 11:39:39] WARNING Not Found: /static/facebook/js/fbconnect.js
[2025-01-17 11:39:39] WARNING "GET /static/facebook/js/fbconnect.js?_=1737094167881 HTTP/1.1" 404 0
[2025-01-17 11:40:50] WARNING Not Found: /static/bundles/local/LoginWithOtp-862fc9cf78488c7c3d68.js
[2025-01-17 11:40:50] WARNING "GET /static/bundles/local/LoginWithOtp-862fc9cf78488c7c3d68.js HTTP/1.1" 404 0
[2025-01-17 11:40:50] WARNING Not Found: /static/bundles/local/vendors-862fc9cf78488c7c3d68.js
[2025-01-17 11:40:50] WARNING "GET /static/bundles/local/vendors-862fc9cf78488c7c3d68.js HTTP/1.1" 404 0
[2025-01-17 11:41:02] WARNING Not Found: /static/facebook/js/fbconnect.js
[2025-01-17 11:41:02] WARNING "GET /static/facebook/js/fbconnect.js?_=1737094250299 HTTP/1.1" 404 0
[2025-01-17 11:41:03] WARNING Not Found: /static/facebook/js/fbconnect.js
[2025-01-17 11:41:03] WARNING "GET /static/facebook/js/fbconnect.js?_=1737094250300 HTTP/1.1" 404 0
[2025-01-17 11:42:40] WARNING Not Found: /static/bundles/local/vendors-862fc9cf78488c7c3d68.js
[2025-01-17 11:42:40] WARNING "GET /static/bundles/local/vendors-862fc9cf78488c7c3d68.js HTTP/1.1" 404 0
[2025-01-17 11:42:40] WARNING Not Found: /static/bundles/local/LoginWithOtp-862fc9cf78488c7c3d68.js
[2025-01-17 11:42:40] WARNING "GET /static/bundles/local/LoginWithOtp-862fc9cf78488c7c3d68.js HTTP/1.1" 404 0
[2025-01-17 11:42:44] WARNING Not Found: /static/js/external/jquery.min.map
[2025-01-17 11:42:44] WARNING "GET /static/js/external/jquery.min.map HTTP/1.1" 404 0
[2025-01-17 11:42:51] WARNING Not Found: /static/facebook/js/fbconnect.js
[2025-01-17 11:42:51] WARNING "GET /static/facebook/js/fbconnect.js?_=1737094359632 HTTP/1.1" 404 0
[2025-01-17 11:42:51] WARNING Not Found: /static/facebook/js/fbconnect.js
[2025-01-17 11:42:51] WARNING "GET /static/facebook/js/fbconnect.js?_=1737094359633 HTTP/1.1" 404 0
[2025-01-17 11:42:55] WARNING Not Found: /static/bundles/local/vendors-862fc9cf78488c7c3d68.js
[2025-01-17 11:42:55] WARNING "GET /static/bundles/local/vendors-862fc9cf78488c7c3d68.js HTTP/1.1" 404 0
[2025-01-17 11:42:55] WARNING Not Found: /static/bundles/local/LoginWithOtp-862fc9cf78488c7c3d68.js
[2025-01-17 11:42:55] WARNING "GET /static/bundles/local/LoginWithOtp-862fc9cf78488c7c3d68.js HTTP/1.1" 404 0
[2025-01-17 11:42:55] WARNING Not Found: /static/js/external/jquery.min.map
[2025-01-17 11:42:55] WARNING "GET /static/js/external/jquery.min.map HTTP/1.1" 404 0
[2025-01-17 11:45:27] WARNING Not Found: /static/bundles/local/trendlynesdk-bundles/landing_page.bundle.js
[2025-01-17 11:45:27] WARNING "GET /static/bundles/local/trendlynesdk-bundles/landing_page.bundle.js HTTP/1.1" 404 0
[2025-01-17 11:47:10] WARNING Not Found: /static/bundles/local/trendlynesdk-bundles/landing_page.bundle.js
[2025-01-17 11:47:10] WARNING "GET /static/bundles/local/trendlynesdk-bundles/landing_page.bundle.js HTTP/1.1" 404 0
[2025-01-17 11:49:49] WARNING Not Found: /static/css/external/jquery-ui.2019.02.22.min.css
[2025-01-17 11:49:49] WARNING "GET /static/css/external/jquery-ui.2019.02.22.min.css HTTP/1.1" 404 0
[2025-01-17 11:49:49] WARNING Not Found: /static/css/sprite/sprite-navbar.css
[2025-01-17 11:49:49] WARNING Not Found: /static/css/navbar.css
[2025-01-17 11:49:49] WARNING "GET /static/css/sprite/sprite-navbar.css HTTP/1.1" 404 0
[2025-01-17 11:49:49] WARNING "GET /static/css/navbar.css HTTP/1.1" 404 0
[2025-01-17 11:49:49] WARNING Not Found: /static/css/external/select2.v4.0.3.min.css
[2025-01-17 11:49:49] WARNING Not Found: /static/css/main.css
[2025-01-17 11:49:49] WARNING "GET /static/css/external/select2.v4.0.3.min.css HTTP/1.1" 404 0
[2025-01-17 11:49:49] WARNING "GET /static/css/main.css HTTP/1.1" 404 0
[2025-01-17 11:49:49] WARNING Not Found: /static/css/postengine.css
[2025-01-17 11:49:49] WARNING "GET /static/css/postengine.css HTTP/1.1" 404 0
[2025-01-17 11:49:49] WARNING Not Found: /static/css/Stock/stock.css
[2025-01-17 11:49:49] WARNING "GET /static/css/Stock/stock.css HTTP/1.1" 404 0
[2025-01-17 11:49:49] WARNING Not Found: /static/css/variables.css
[2025-01-17 11:49:49] WARNING "GET /static/css/variables.css HTTP/1.1" 404 0
[2025-01-17 11:49:49] WARNING Not Found: /static/css/sprite/sprite.css
[2025-01-17 11:49:49] WARNING "GET /static/css/sprite/sprite.css HTTP/1.1" 404 0
[2025-01-17 11:49:49] WARNING Not Found: /static/css/sprite/sprite-fundamental-document.css
[2025-01-17 11:49:49] WARNING "GET /static/css/sprite/sprite-fundamental-document.css HTTP/1.1" 404 0
[2025-01-17 11:49:49] WARNING Not Found: /static/css/sprite/sprite-side-menu-v2.css
[2025-01-17 11:49:49] WARNING "GET /static/css/sprite/sprite-side-menu-v2.css HTTP/1.1" 404 0
[2025-01-17 11:49:49] WARNING Not Found: /static/css/side-navbar-v2.css
[2025-01-17 11:49:49] WARNING "GET /static/css/side-navbar-v2.css HTTP/1.1" 404 0
[2025-01-17 11:49:49] WARNING Not Found: /static/js/external/bootstrap-confirmation-arrow.css
[2025-01-17 11:49:49] WARNING Not Found: /static/css/external/jBox.css
[2025-01-17 11:49:49] WARNING "GET /static/js/external/bootstrap-confirmation-arrow.css HTTP/1.1" 404 0
[2025-01-17 11:49:49] WARNING "GET /static/css/external/jBox.css HTTP/1.1" 404 0
[2025-01-17 11:49:49] WARNING Not Found: /static/css/tlcard-v2.css
[2025-01-17 11:49:49] WARNING Not Found: /static/css/login_modal_v2.css
[2025-01-17 11:49:49] WARNING "GET /static/css/tlcard-v2.css HTTP/1.1" 404 0
[2025-01-17 11:49:49] WARNING Not Found: /static/css/tl-components.css
[2025-01-17 11:49:49] WARNING "GET /static/css/login_modal_v2.css HTTP/1.1" 404 0
[2025-01-17 11:49:49] WARNING "GET /static/css/tl-components.css HTTP/1.1" 404 0
[2025-01-17 11:49:49] WARNING Not Found: /static/css/sprite/sprite-tl-icons.css
[2025-01-17 11:49:49] WARNING "GET /static/css/sprite/sprite-tl-icons.css HTTP/1.1" 404 0
[2025-01-17 11:49:49] WARNING Not Found: /static/css/page_title_banner_v2.css
[2025-01-17 11:49:49] WARNING "GET /static/css/page_title_banner_v2.css HTTP/1.1" 404 0
[2025-01-17 11:49:49] WARNING Not Found: /static/css/bigmenu/bigmenu_v2.css
[2025-01-17 11:49:49] WARNING "GET /static/css/bigmenu/bigmenu_v2.css HTTP/1.1" 404 0
[2025-01-17 11:49:49] WARNING Not Found: /static/css/sprite/sprite-navbar-subnavbar.css
[2025-01-17 11:49:49] WARNING "GET /static/css/sprite/sprite-navbar-subnavbar.css HTTP/1.1" 404 0
[2025-01-17 11:49:49] WARNING Not Found: /static/css/footer.css
[2025-01-17 11:49:49] WARNING "GET /static/css/footer.css HTTP/1.1" 404 0
[2025-01-17 11:49:49] WARNING Not Found: /static/css/indices_ticker.css
[2025-01-17 11:49:49] WARNING "GET /static/css/indices_ticker.css HTTP/1.1" 404 0
[2025-01-17 11:49:49] WARNING Not Found: /static/css/sprite/sprite-portfolio-new.css
[2025-01-17 11:49:49] WARNING "GET /static/css/sprite/sprite-portfolio-new.css HTTP/1.1" 404 0
[2025-01-17 11:49:49] WARNING Not Found: /static/css/sprite/sprite-features.css
[2025-01-17 11:49:49] WARNING "GET /static/css/sprite/sprite-features.css HTTP/1.1" 404 0
[2025-01-17 11:49:49] WARNING Not Found: /static/js/external/tether.1.3.7.min.js
[2025-01-17 11:49:49] WARNING "GET /static/js/external/tether.1.3.7.min.js HTTP/1.1" 404 0
[2025-01-17 11:49:49] WARNING Not Found: /static/js/external/jquery.2.1.4.min.js
[2025-01-17 11:49:49] WARNING "GET /static/js/external/jquery.2.1.4.min.js HTTP/1.1" 404 0
[2025-01-17 11:49:49] WARNING Not Found: /static/js/external/jquery-ui.2019.02.22.min.js
[2025-01-17 11:49:49] WARNING "GET /static/js/external/jquery-ui.2019.02.22.min.js HTTP/1.1" 404 0
[2025-01-17 11:49:49] WARNING Not Found: /static/js/globalSupport.js
[2025-01-17 11:49:49] WARNING Not Found: /static/js/external/select2.4.0.5.min.js
[2025-01-17 11:49:49] WARNING "GET /static/js/external/select2.4.0.5.min.js HTTP/1.1" 404 0
[2025-01-17 11:49:49] WARNING "GET /static/js/globalSupport.js HTTP/1.1" 404 0
[2025-01-17 11:49:49] WARNING Not Found: /static/js/common.js
[2025-01-17 11:49:49] WARNING "GET /static/js/common.js HTTP/1.1" 404 0
[2025-01-17 11:49:49] WARNING Not Found: /static/js/cookie.js
[2025-01-17 11:49:49] WARNING "GET /static/js/cookie.js HTTP/1.1" 404 0
[2025-01-17 11:49:49] WARNING Not Found: /static/TL-logomark-v1.webp
[2025-01-17 11:49:49] WARNING "GET /static/TL-logomark-v1.webp HTTP/1.1" 404 0
[2025-01-17 11:49:49] WARNING Not Found: /static/js/mobile-side-menu.js
[2025-01-17 11:49:49] WARNING "GET /static/js/mobile-side-menu.js HTTP/1.1" 404 0
[2025-01-17 11:49:49] WARNING Not Found: /static/js/external/bootstrap-confirmation-all.js
[2025-01-17 11:49:49] WARNING Not Found: /static/js/external/jBox.min.js
[2025-01-17 11:49:49] WARNING "GET /static/js/external/bootstrap-confirmation-all.js HTTP/1.1" 404 0
[2025-01-17 11:49:49] WARNING "GET /static/js/external/jBox.min.js HTTP/1.1" 404 0
[2025-01-17 11:49:49] WARNING Not Found: /static/js/page-visit-count.js
[2025-01-17 11:49:49] WARNING "GET /static/js/page-visit-count.js HTTP/1.1" 404 0
[2025-01-17 11:49:49] WARNING Not Found: /static/js/avatar.min.js
[2025-01-17 11:49:49] WARNING "GET /static/js/avatar.min.js HTTP/1.1" 404 0
[2025-01-17 11:49:49] WARNING Not Found: /static/js/stock-navbar.js
[2025-01-17 11:49:49] WARNING "GET /static/js/stock-navbar.js HTTP/1.1" 404 0
[2025-01-17 11:49:49] WARNING Not Found: /static/js/analytics/ga_send.js
[2025-01-17 11:49:49] WARNING "GET /static/js/analytics/ga_send.js HTTP/1.1" 404 0
[2025-01-17 11:49:49] WARNING Not Found: /static/js/libs/verticalSlider.js
[2025-01-17 11:49:49] WARNING "GET /static/js/libs/verticalSlider.js HTTP/1.1" 404 0
[2025-01-17 11:49:49] WARNING Not Found: /static/bundles/local/trendlynesdk-bundles/landing_page.bundle.js
[2025-01-17 11:49:49] WARNING "GET /static/bundles/local/trendlynesdk-bundles/landing_page.bundle.js HTTP/1.1" 404 0
[2025-01-17 11:49:49] WARNING Not Found: /static/postengine.js
[2025-01-17 11:49:49] WARNING "GET /static/postengine.js HTTP/1.1" 404 0
[2025-01-17 11:49:49] WARNING Not Found: /static/js/indices_ticker.js
[2025-01-17 11:49:49] WARNING "GET /static/js/indices_ticker.js HTTP/1.1" 404 0
[2025-01-17 11:49:49] WARNING Not Found: /static/favicons/favicon-32x32.png
[2025-01-17 11:49:49] WARNING "GET /static/favicons/favicon-32x32.png HTTP/1.1" 404 0
[2025-01-17 11:49:49] WARNING Not Found: /static/favicons/favicon-16x16.png
[2025-01-17 11:49:49] WARNING "GET /static/favicons/favicon-16x16.png HTTP/1.1" 404 0
[2025-01-17 11:49:49] WARNING Not Found: /static/favicons/favicon-96x96.png
[2025-01-17 11:49:49] WARNING "GET /static/favicons/favicon-96x96.png HTTP/1.1" 404 0
[2025-01-17 11:49:49] WARNING Not Found: /static/favicons/favicon-128.png
[2025-01-17 11:49:49] WARNING "GET /static/favicons/favicon-128.png HTTP/1.1" 404 0
[2025-01-17 11:49:49] WARNING Not Found: /static/favicons/favicon-196x196.png
[2025-01-17 11:49:49] WARNING "GET /static/favicons/favicon-196x196.png HTTP/1.1" 404 0
[2025-01-17 11:50:22] WARNING Not Found: /static/bundles/local/trendlynesdk-bundles/landing_page.bundle.js
[2025-01-17 11:50:22] WARNING "GET /static/bundles/local/trendlynesdk-bundles/landing_page.bundle.js HTTP/1.1" 404 0
[2025-02-06 14:09:49] WARNING Not Found: /static/js/Brokerreports/Brokerreport.js
[2025-02-06 14:09:49] WARNING "GET /static/js/Brokerreports/Brokerreport.js HTTP/1.1" 404 0
[2025-02-06 14:09:49] WARNING Not Found: /static/js/fundamental/screen_alert.js
[2025-02-06 14:09:49] WARNING "GET /static/js/fundamental/screen_alert.js HTTP/1.1" 404 0
[2025-02-06 14:09:49] WARNING Not Found: /static/js/Alerts/corp_announcement_alert.js
[2025-02-06 14:09:49] WARNING "GET /static/js/Alerts/corp_announcement_alert.js HTTP/1.1" 404 0
[2025-02-06 14:09:49] WARNING Not Found: /static/js/Screeners/screeners.js
[2025-02-06 14:09:49] WARNING "GET /static/js/Screeners/screeners.js HTTP/1.1" 404 0
[2025-02-06 14:13:07] WARNING Not Found: /static/js/Brokerreports/Brokerreport.js
[2025-02-06 14:13:07] WARNING "GET /static/js/Brokerreports/Brokerreport.js HTTP/1.1" 404 0
[2025-02-06 14:13:07] WARNING Not Found: /static/js/Screeners/screeners.js
[2025-02-06 14:13:07] WARNING "GET /static/js/Screeners/screeners.js HTTP/1.1" 404 0
[2025-02-06 14:13:08] WARNING Not Found: /static/js/Alerts/corp_announcement_alert.js
[2025-02-06 14:13:08] WARNING "GET /static/js/Alerts/corp_announcement_alert.js HTTP/1.1" 404 0
[2025-02-06 14:13:08] WARNING Not Found: /static/js/fundamental/screen_alert.js
[2025-02-06 14:13:08] WARNING "GET /static/js/fundamental/screen_alert.js HTTP/1.1" 404 0
[2025-01-17 11:49:49] WARNING "GET /static/css/navbar.css HTTP/1.1" 404 0
[2025-01-17 11:49:49] WARNING Not Found: /static/css/external/select2.v4.0.3.min.css
[2025-01-17 11:49:49] WARNING Not Found: /static/css/main.css
[2025-01-17 11:49:49] WARNING "GET /static/css/external/select2.v4.0.3.min.css HTTP/1.1" 404 0
[2025-01-17 11:49:49] WARNING "GET /static/css/main.css HTTP/1.1" 404 0
[2025-01-17 11:49:49] WARNING Not Found: /static/css/postengine.css
[2025-01-17 11:49:49] WARNING "GET /static/css/postengine.css HTTP/1.1" 404 0
[2025-01-17 11:49:49] WARNING Not Found: /static/css/Stock/stock.css
[2025-01-17 11:49:49] WARNING "GET /static/css/Stock/stock.css HTTP/1.1" 404 0
[2025-01-17 11:49:49] WARNING Not Found: /static/css/variables.css
[2025-01-17 11:49:49] WARNING "GET /static/css/variables.css HTTP/1.1" 404 0
[2025-01-17 11:49:49] WARNING Not Found: /static/css/sprite/sprite.css
[2025-01-17 11:49:49] WARNING "GET /static/css/sprite/sprite.css HTTP/1.1" 404 0
[2025-01-17 11:49:49] WARNING Not Found: /static/css/sprite/sprite-fundamental-document.css
[2025-01-17 11:49:49] WARNING "GET /static/css/sprite/sprite-fundamental-document.css HTTP/1.1" 404 0
[2025-01-17 11:49:49] WARNING Not Found: /static/css/sprite/sprite-side-menu-v2.css
[2025-01-17 11:49:49] WARNING "GET /static/css/sprite/sprite-side-menu-v2.css HTTP/1.1" 404 0
[2025-01-17 11:49:49] WARNING Not Found: /static/css/side-navbar-v2.css
[2025-01-17 11:49:49] WARNING "GET /static/css/side-navbar-v2.css HTTP/1.1" 404 0
[2025-01-17 11:49:49] WARNING Not Found: /static/js/external/bootstrap-confirmation-arrow.css
[2025-01-17 11:49:49] WARNING Not Found: /static/css/external/jBox.css
[2025-01-17 11:49:49] WARNING "GET /static/js/external/bootstrap-confirmation-arrow.css HTTP/1.1" 404 0
[2025-01-17 11:49:49] WARNING "GET /static/css/external/jBox.css HTTP/1.1" 404 0
[2025-01-17 11:49:49] WARNING Not Found: /static/css/tlcard-v2.css
[2025-01-17 11:49:49] WARNING Not Found: /static/css/login_modal_v2.css
[2025-01-17 11:49:49] WARNING "GET /static/css/tlcard-v2.css HTTP/1.1" 404 0
[2025-01-17 11:49:49] WARNING Not Found: /static/css/tl-components.css
[2025-01-17 11:49:49] WARNING "GET /static/css/login_modal_v2.css HTTP/1.1" 404 0
[2025-01-17 11:49:49] WARNING "GET /static/css/tl-components.css HTTP/1.1" 404 0
[2025-01-17 11:49:49] WARNING Not Found: /static/css/sprite/sprite-tl-icons.css
[2025-01-17 11:49:49] WARNING "GET /static/css/sprite/sprite-tl-icons.css HTTP/1.1" 404 0
[2025-01-17 11:49:49] WARNING Not Found: /static/css/page_title_banner_v2.css
[2025-01-17 11:49:49] WARNING "GET /static/css/page_title_banner_v2.css HTTP/1.1" 404 0
[2025-01-17 11:49:49] WARNING Not Found: /static/css/bigmenu/bigmenu_v2.css
[2025-01-17 11:49:49] WARNING "GET /static/css/bigmenu/bigmenu_v2.css HTTP/1.1" 404 0
[2025-01-17 11:49:49] WARNING Not Found: /static/css/sprite/sprite-navbar-subnavbar.css
[2025-01-17 11:49:49] WARNING "GET /static/css/sprite/sprite-navbar-subnavbar.css HTTP/1.1" 404 0
[2025-01-17 11:49:49] WARNING Not Found: /static/css/footer.css
[2025-01-17 11:49:49] WARNING "GET /static/css/footer.css HTTP/1.1" 404 0
[2025-01-17 11:49:49] WARNING Not Found: /static/css/indices_ticker.css
[2025-01-17 11:49:49] WARNING "GET /static/css/indices_ticker.css HTTP/1.1" 404 0
[2025-01-17 11:49:49] WARNING Not Found: /static/css/sprite/sprite-portfolio-new.css
[2025-01-17 11:49:49] WARNING "GET /static/css/sprite/sprite-portfolio-new.css HTTP/1.1" 404 0
[2025-01-17 11:49:49] WARNING Not Found: /static/css/sprite/sprite-features.css
[2025-01-17 11:49:49] WARNING "GET /static/css/sprite/sprite-features.css HTTP/1.1" 404 0
[2025-01-17 11:49:49] WARNING Not Found: /static/js/external/tether.1.3.7.min.js
[2025-01-17 11:49:49] WARNING "GET /static/js/external/tether.1.3.7.min.js HTTP/1.1" 404 0
[2025-01-17 11:49:49] WARNING Not Found: /static/js/external/jquery.2.1.4.min.js
[2025-01-17 11:49:49] WARNING "GET /static/js/external/jquery.2.1.4.min.js HTTP/1.1" 404 0
[2025-01-17 11:49:49] WARNING Not Found: /static/js/external/jquery-ui.2019.02.22.min.js
[2025-01-17 11:49:49] WARNING "GET /static/js/external/jquery-ui.2019.02.22.min.js HTTP/1.1" 404 0
[2025-01-17 11:49:49] WARNING Not Found: /static/js/globalSupport.js
[2025-01-17 11:49:49] WARNING Not Found: /static/js/external/select2.4.0.5.min.js
[2025-01-17 11:49:49] WARNING "GET /static/js/external/select2.4.0.5.min.js HTTP/1.1" 404 0
[2025-01-17 11:49:49] WARNING "GET /static/js/globalSupport.js HTTP/1.1" 404 0
[2025-01-17 11:49:49] WARNING Not Found: /static/js/common.js
[2025-01-17 11:49:49] WARNING "GET /static/js/common.js HTTP/1.1" 404 0
[2025-01-17 11:49:49] WARNING Not Found: /static/js/cookie.js
[2025-01-17 11:49:49] WARNING "GET /static/js/cookie.js HTTP/1.1" 404 0
[2025-01-17 11:49:49] WARNING Not Found: /static/TL-logomark-v1.webp
[2025-01-17 11:49:49] WARNING "GET /static/TL-logomark-v1.webp HTTP/1.1" 404 0
[2025-01-17 11:49:49] WARNING Not Found: /static/js/mobile-side-menu.js
[2025-01-17 11:49:49] WARNING "GET /static/js/mobile-side-menu.js HTTP/1.1" 404 0
[2025-01-17 11:49:49] WARNING Not Found: /static/js/external/bootstrap-confirmation-all.js
[2025-01-17 11:49:49] WARNING Not Found: /static/js/external/jBox.min.js
[2025-01-17 11:49:49] WARNING "GET /static/js/external/bootstrap-confirmation-all.js HTTP/1.1" 404 0
[2025-01-17 11:49:49] WARNING "GET /static/js/external/jBox.min.js HTTP/1.1" 404 0
[2025-01-17 11:49:49] WARNING Not Found: /static/js/page-visit-count.js
[2025-01-17 11:49:49] WARNING "GET /static/js/page-visit-count.js HTTP/1.1" 404 0
[2025-01-17 11:49:49] WARNING Not Found: /static/js/avatar.min.js
[2025-01-17 11:49:49] WARNING "GET /static/js/avatar.min.js HTTP/1.1" 404 0
[2025-01-17 11:49:49] WARNING Not Found: /static/js/stock-navbar.js
[2025-01-17 11:49:49] WARNING "GET /static/js/stock-navbar.js HTTP/1.1" 404 0
[2025-01-17 11:49:49] WARNING Not Found: /static/js/analytics/ga_send.js
[2025-01-17 11:49:49] WARNING "GET /static/js/analytics/ga_send.js HTTP/1.1" 404 0
[2025-01-17 11:49:49] WARNING Not Found: /static/js/libs/verticalSlider.js
[2025-01-17 11:49:49] WARNING "GET /static/js/libs/verticalSlider.js HTTP/1.1" 404 0
[2025-01-17 11:49:49] WARNING Not Found: /static/bundles/local/trendlynesdk-bundles/landing_page.bundle.js
[2025-01-17 11:49:49] WARNING "GET /static/bundles/local/trendlynesdk-bundles/landing_page.bundle.js HTTP/1.1" 404 0
[2025-01-17 11:49:49] WARNING Not Found: /static/postengine.js
[2025-01-17 11:49:49] WARNING "GET /static/postengine.js HTTP/1.1" 404 0
[2025-01-17 11:49:49] WARNING Not Found: /static/js/indices_ticker.js
[2025-01-17 11:49:49] WARNING "GET /static/js/indices_ticker.js HTTP/1.1" 404 0
[2025-01-17 11:49:49] WARNING Not Found: /static/favicons/favicon-32x32.png
[2025-01-17 11:49:49] WARNING "GET /static/favicons/favicon-32x32.png HTTP/1.1" 404 0
[2025-01-17 11:49:49] WARNING Not Found: /static/favicons/favicon-16x16.png
[2025-01-17 11:49:49] WARNING "GET /static/favicons/favicon-16x16.png HTTP/1.1" 404 0
[2025-01-17 11:49:49] WARNING Not Found: /static/favicons/favicon-96x96.png
[2025-01-17 11:49:49] WARNING "GET /static/favicons/favicon-96x96.png HTTP/1.1" 404 0
[2025-01-17 11:49:49] WARNING Not Found: /static/favicons/favicon-128.png
[2025-01-17 11:49:49] WARNING "GET /static/favicons/favicon-128.png HTTP/1.1" 404 0
[2025-01-17 11:49:49] WARNING Not Found: /static/favicons/favicon-196x196.png
[2025-01-17 11:49:49] WARNING "GET /static/favicons/favicon-196x196.png HTTP/1.1" 404 0
[2025-01-17 11:50:22] WARNING Not Found: /static/bundles/local/trendlynesdk-bundles/landing_page.bundle.js
[2025-01-17 11:50:22] WARNING "GET /static/bundles/local/trendlynesdk-bundles/landing_page.bundle.js HTTP/1.1" 404 0
[2025-02-06 14:09:49] WARNING Not Found: /static/js/Brokerreports/Brokerreport.js
[2025-02-06 14:09:49] WARNING "GET /static/js/Brokerreports/Brokerreport.js HTTP/1.1" 404 0
[2025-02-06 14:09:49] WARNING Not Found: /static/js/fundamental/screen_alert.js
[2025-02-06 14:09:49] WARNING "GET /static/js/fundamental/screen_alert.js HTTP/1.1" 404 0
[2025-02-06 14:09:49] WARNING Not Found: /static/js/Alerts/corp_announcement_alert.js
[2025-02-06 14:09:49] WARNING "GET /static/js/Alerts/corp_announcement_alert.js HTTP/1.1" 404 0
[2025-02-06 14:09:49] WARNING Not Found: /static/js/Screeners/screeners.js
[2025-02-06 14:09:49] WARNING "GET /static/js/Screeners/screeners.js HTTP/1.1" 404 0
[2025-02-06 14:13:07] WARNING Not Found: /static/js/Brokerreports/Brokerreport.js
[2025-02-06 14:13:07] WARNING "GET /static/js/Brokerreports/Brokerreport.js HTTP/1.1" 404 0
[2025-02-06 14:13:07] WARNING Not Found: /static/js/Screeners/screeners.js
[2025-02-06 14:13:07] WARNING "GET /static/js/Screeners/screeners.js HTTP/1.1" 404 0
[2025-02-06 14:13:08] WARNING Not Found: /static/js/Alerts/corp_announcement_alert.js